<?xml version="1.0" encoding="UTF-8"?>
<testsuite xmlns:xsi="http://www.w3.org/2001/XMLSchema-instance" xsi:noNamespaceSchemaLocation="https://maven.apache.org/surefire/maven-surefire-plugin/xsd/surefire-test-report.xsd" name="TestSuite" time="1.59" tests="10" errors="0" skipped="0" failures="0">
  <properties>
    <property name="sun.desktop" value="gnome"/>
    <property name="awt.toolkit" value="sun.awt.X11.XToolkit"/>
    <property name="file.encoding.pkg" value="sun.io"/>
    <property name="java.specification.version" value="1.8"/>
    <property name="sun.cpu.isalist" value=""/>
    <property name="sun.jnu.encoding" value="UTF-8"/>
    <property name="java.class.path" value="/home/vofking/Workspace/HW_36/target/test-classes:/home/vofking/Workspace/HW_36/target/classes:/home/vofking/.m2/repository/org/testng/testng/7.1.0/testng-7.1.0.jar:/home/vofking/.m2/repository/com/beust/jcommander/1.72/jcommander-1.72.jar:/home/vofking/.m2/repository/com/google/inject/guice/4.1.0/guice-4.1.0-no_aop.jar:/home/vofking/.m2/repository/javax/inject/javax.inject/1/javax.inject-1.jar:/home/vofking/.m2/repository/aopalliance/aopalliance/1.0/aopalliance-1.0.jar:/home/vofking/.m2/repository/com/google/guava/guava/19.0/guava-19.0.jar:/home/vofking/.m2/repository/org/yaml/snakeyaml/1.21/snakeyaml-1.21.jar:/home/vofking/.m2/repository/org/hamcrest/java-hamcrest/2.0.0.0/java-hamcrest-2.0.0.0.jar:/home/vofking/.m2/repository/io/qameta/allure/allure-testng/2.13.3/allure-testng-2.13.3.jar:/home/vofking/.m2/repository/io/qameta/allure/allure-java-commons/2.13.3/allure-java-commons-2.13.3.jar:/home/vofking/.m2/repository/io/qameta/allure/allure-model/2.13.3/allure-model-2.13.3.jar:/home/vofking/.m2/repository/com/fasterxml/jackson/core/jackson-databind/2.9.8/jackson-databind-2.9.8.jar:/home/vofking/.m2/repository/com/fasterxml/jackson/core/jackson-annotations/2.9.0/jackson-annotations-2.9.0.jar:/home/vofking/.m2/repository/com/fasterxml/jackson/core/jackson-core/2.9.8/jackson-core-2.9.8.jar:/home/vofking/.m2/repository/org/apache/tika/tika-core/1.20/tika-core-1.20.jar:/home/vofking/.m2/repository/org/jooq/joor-java-8/0.9.10/joor-java-8-0.9.10.jar:/home/vofking/.m2/repository/org/slf4j/slf4j-simple/1.7.30/slf4j-simple-1.7.30.jar:/home/vofking/.m2/repository/org/slf4j/slf4j-api/1.7.30/slf4j-api-1.7.30.jar:/home/vofking/.m2/repository/org/aspectj/aspectjweaver/1.9.5/aspectjweaver-1.9.5.jar:"/>
    <property name="java.vm.vendor" value="Oracle Corporation"/>
    <property name="sun.arch.data.model" value="64"/>
    <property name="java.vendor.url" value="http://java.oracle.com/"/>
    <property name="user.timezone" value=""/>
    <property name="java.vm.specification.version" value="1.8"/>
    <property name="os.name" value="Linux"/>
    <property name="user.country" value="US"/>
    <property name="sun.java.launcher" value="SUN_STANDARD"/>
    <property name="sun.boot.library.path" value="/usr/lib/jvm/jdk1.8.0_241/jre/lib/amd64"/>
    <property name="sun.java.command" value="/home/vofking/Workspace/HW_36/target/surefire/surefirebooter7821253131407755510.jar /home/vofking/Workspace/HW_36/target/surefire 2020-05-18T03-53-24_651-jvmRun1 surefire4291422842222614973tmp surefire_01522780324857184410tmp"/>
    <property name="surefire.test.class.path" value="/home/vofking/Workspace/HW_36/target/test-classes:/home/vofking/Workspace/HW_36/target/classes:/home/vofking/.m2/repository/org/testng/testng/7.1.0/testng-7.1.0.jar:/home/vofking/.m2/repository/com/beust/jcommander/1.72/jcommander-1.72.jar:/home/vofking/.m2/repository/com/google/inject/guice/4.1.0/guice-4.1.0-no_aop.jar:/home/vofking/.m2/repository/javax/inject/javax.inject/1/javax.inject-1.jar:/home/vofking/.m2/repository/aopalliance/aopalliance/1.0/aopalliance-1.0.jar:/home/vofking/.m2/repository/com/google/guava/guava/19.0/guava-19.0.jar:/home/vofking/.m2/repository/org/yaml/snakeyaml/1.21/snakeyaml-1.21.jar:/home/vofking/.m2/repository/org/hamcrest/java-hamcrest/2.0.0.0/java-hamcrest-2.0.0.0.jar:/home/vofking/.m2/repository/io/qameta/allure/allure-testng/2.13.3/allure-testng-2.13.3.jar:/home/vofking/.m2/repository/io/qameta/allure/allure-java-commons/2.13.3/allure-java-commons-2.13.3.jar:/home/vofking/.m2/repository/io/qameta/allure/allure-model/2.13.3/allure-model-2.13.3.jar:/home/vofking/.m2/repository/com/fasterxml/jackson/core/jackson-databind/2.9.8/jackson-databind-2.9.8.jar:/home/vofking/.m2/repository/com/fasterxml/jackson/core/jackson-annotations/2.9.0/jackson-annotations-2.9.0.jar:/home/vofking/.m2/repository/com/fasterxml/jackson/core/jackson-core/2.9.8/jackson-core-2.9.8.jar:/home/vofking/.m2/repository/org/apache/tika/tika-core/1.20/tika-core-1.20.jar:/home/vofking/.m2/repository/org/jooq/joor-java-8/0.9.10/joor-java-8-0.9.10.jar:/home/vofking/.m2/repository/org/slf4j/slf4j-simple/1.7.30/slf4j-simple-1.7.30.jar:/home/vofking/.m2/repository/org/slf4j/slf4j-api/1.7.30/slf4j-api-1.7.30.jar:/home/vofking/.m2/repository/org/aspectj/aspectjweaver/1.9.5/aspectjweaver-1.9.5.jar:"/>
    <property name="sun.cpu.endian" value="little"/>
    <property name="allure.results.directory" value="target/allure-results"/>
    <property name="user.home" value="/home/vofking"/>
    <property name="user.language" value="en"/>
    <property name="testcases" value="./primes_10.csv"/>
    <property name="java.specification.vendor" value="Oracle Corporation"/>
    <property name="java.home" value="/usr/lib/jvm/jdk1.8.0_241/jre"/>
    <property name="basedir" value="/home/vofking/Workspace/HW_36"/>
    <property name="file.separator" value="/"/>
    <property name="line.separator" value="&#10;"/>
    <property name="java.vm.specification.vendor" value="Oracle Corporation"/>
    <property name="java.specification.name" value="Java Platform API Specification"/>
    <property name="java.awt.graphicsenv" value="sun.awt.X11GraphicsEnvironment"/>
    <property name="surefire.real.class.path" value="/home/vofking/Workspace/HW_36/target/surefire/surefirebooter7821253131407755510.jar:/home/vofking/.m2/repository/org/aspectj/aspectjweaver/1.9.5/aspectjweaver-1.9.5.jar"/>
    <property name="sun.boot.class.path" value="/usr/lib/jvm/jdk1.8.0_241/jre/lib/resources.jar:/usr/lib/jvm/jdk1.8.0_241/jre/lib/rt.jar:/usr/lib/jvm/jdk1.8.0_241/jre/lib/sunrsasign.jar:/usr/lib/jvm/jdk1.8.0_241/jre/lib/jsse.jar:/usr/lib/jvm/jdk1.8.0_241/jre/lib/jce.jar:/usr/lib/jvm/jdk1.8.0_241/jre/lib/charsets.jar:/usr/lib/jvm/jdk1.8.0_241/jre/lib/jfr.jar:/usr/lib/jvm/jdk1.8.0_241/jre/classes"/>
    <property name="sun.management.compiler" value="HotSpot 64-Bit Tiered Compilers"/>
    <property name="java.runtime.version" value="1.8.0_241-b07"/>
    <property name="user.name" value="vofking"/>
    <property name="path.separator" value=":"/>
    <property name="os.version" value="5.4.0-29-generic"/>
    <property name="java.endorsed.dirs" value="/usr/lib/jvm/jdk1.8.0_241/jre/lib/endorsed"/>
    <property name="java.runtime.name" value="Java(TM) SE Runtime Environment"/>
    <property name="file.encoding" value="UTF-8"/>
    <property name="java.vm.name" value="Java HotSpot(TM) 64-Bit Server VM"/>
    <property name="localRepository" value="/home/vofking/.m2/repository"/>
    <property name="java.vendor.url.bug" value="http://bugreport.sun.com/bugreport/"/>
    <property name="java.io.tmpdir" value="/tmp"/>
    <property name="java.version" value="1.8.0_241"/>
    <property name="user.dir" value="/home/vofking/Workspace/HW_36"/>
    <property name="os.arch" value="amd64"/>
    <property name="java.vm.specification.name" value="Java Virtual Machine Specification"/>
    <property name="java.awt.printerjob" value="sun.print.PSPrinterJob"/>
    <property name="sun.os.patch.level" value="unknown"/>
    <property name="java.library.path" value="/usr/java/packages/lib/amd64:/usr/lib64:/lib64:/lib:/usr/lib"/>
    <property name="java.vm.info" value="mixed mode"/>
    <property name="java.vendor" value="Oracle Corporation"/>
    <property name="java.vm.version" value="25.241-b07"/>
    <property name="java.ext.dirs" value="/usr/lib/jvm/jdk1.8.0_241/jre/lib/ext:/usr/java/packages/lib/ext"/>
    <property name="sun.io.unicode.encoding" value="UnicodeLittle"/>
    <property name="java.class.version" value="52.0"/>
  </properties>
  <testcase name="test" classname="core.PrimeNumberCheckerTest" time="0.188"/>
  <testcase name="test" classname="core.PrimeNumberCheckerTest" time="0"/>
  <testcase name="test" classname="core.PrimeNumberCheckerTest" time="0.004"/>
  <testcase name="test" classname="core.PrimeNumberCheckerTest" time="0.004"/>
  <testcase name="test" classname="core.PrimeNumberCheckerTest" time="0.002"/>
  <testcase name="test" classname="core.PrimeNumberCheckerTest" time="0.004"/>
  <testcase name="test" classname="core.PrimeNumberCheckerTest" time="0.002"/>
  <testcase name="test" classname="core.PrimeNumberCheckerTest" time="0.001"/>
  <testcase name="test" classname="core.PrimeNumberCheckerTest" time="0.001"/>
  <testcase name="test" classname="core.PrimeNumberCheckerTest" time="0.001"/>
</testsuite>