<?xml version="1.0" encoding="UTF-8"?>
<!-- Generated by org.testng.reporters.JUnitReportReporter -->
<testsuite skipped="0" hostname="vofking-Aspire-R7-372T" name="core.PrimeNumberCheckerTest" tests="10" failures="0" timestamp="2020-05-18T01:35:34 PDT" time="0.254" errors="0">
  <testcase name="test" time="0.008" classname="core.PrimeNumberCheckerTest"/>
  <system-out/>
  <testcase name="test" time="0.006" classname="core.PrimeNumberCheckerTest"/>
  <system-out/>
  <testcase name="test" time="0.008" classname="core.PrimeNumberCheckerTest"/>
  <system-out/>
  <testcase name="test" time="0.171" classname="core.PrimeNumberCheckerTest"/>
  <system-out/>
  <testcase name="test" time="0.013" classname="core.PrimeNumberCheckerTest"/>
  <system-out/>
  <testcase name="test" time="0.004" classname="core.PrimeNumberCheckerTest"/>
  <system-out/>
  <testcase name="test" time="0.012" classname="core.PrimeNumberCheckerTest"/>
  <system-out/>
  <testcase name="test" time="0.013" classname="core.PrimeNumberCheckerTest"/>
  <system-out/>
  <testcase name="test" time="0.006" classname="core.PrimeNumberCheckerTest"/>
  <system-out/>
  <testcase name="test" time="0.013" classname="core.PrimeNumberCheckerTest"/>
  <system-out/>
</testsuite> <!-- core.PrimeNumberCheckerTest -->
